This file contains any messages produced by compilers while
running configure, to aid debugging if configure makes a mistake.

It was created by configure, which was
generated by GNU Autoconf 2.59.  Invocation command line was

  $ ./configure --host=mipsel-linux-uclibc

## --------- ##
## Platform. ##
## --------- ##

hostname = himmel
uname -m = i686
uname -r = 2.6.39-gentoo-r3
uname -s = Linux
uname -v = #1 SMP Mon Aug 8 01:53:42 EDT 2011

/usr/bin/uname -p = Pentium(R) Dual-Core CPU E5200 @ 2.50GHz
/bin/uname -X     = unknown

/bin/arch              = unknown
/usr/bin/arch -k       = unknown
/usr/convex/getsysinfo = unknown
hostinfo               = unknown
/bin/machine           = unknown
/usr/bin/oslevel       = unknown
/bin/universe          = unknown

PATH: /usr/local/bin
PATH: /usr/bin
PATH: /bin
PATH: /opt/bin
PATH: /usr/i686-pc-linux-gnu/gcc-bin/4.3.4
PATH: /usr/i686-pc-linux-gnu/mingw32/gcc-bin/4.5.3
PATH: /usr/i686-pc-linux-gnu/powerpc-unknown-linux-gnu/gcc-bin/4.3.4
PATH: /usr/i686-pc-linux-gnu/gnat-gpl-bin/4.1
PATH: /usr/libexec/gnat-gpl/i686-pc-linux-gnu/4.1
PATH: /usr/games/bin
PATH: /usr/local/lib/brcm/hndtools-mipsel-linux/bin
PATH: /usr/local/lib/brcm/hndtools-mipsel-uclibc/bin
PATH: /usr/local/scripts


## ----------- ##
## Core tests. ##
## ----------- ##

configure:1291: checking for mipsel-linux-uclibc-ranlib
configure:1307: found /usr/local/lib/brcm/hndtools-mipsel-linux/bin/mipsel-linux-uclibc-ranlib
configure:1317: result: mipsel-linux-uclibc-ranlib
configure:1368: checking whether make sets $(MAKE)
configure:1388: result: yes
configure:1406: checking for mipsel-linux-uclibc-gcc
configure:1422: found /usr/local/lib/brcm/hndtools-mipsel-linux/bin/mipsel-linux-uclibc-gcc
configure:1432: result: mipsel-linux-uclibc-gcc
configure:1714: checking for C compiler version
configure:1717: mipsel-linux-uclibc-gcc --version </dev/null >&5
mipsel-linux-uclibc-gcc (GCC) 4.2.4
Copyright (C) 2007 Free Software Foundation, Inc.
This is free software; see the source for copying conditions.  There is NO
warranty; not even for MERCHANTABILITY or FITNESS FOR A PARTICULAR PURPOSE.

configure:1720: $? = 0
configure:1722: mipsel-linux-uclibc-gcc -v </dev/null >&5
Using built-in specs.
Target: mipsel-linux-uclibc
Configured with: /home/fedork/tomato/toolchain/build_dir/toolchain-mipsel_gcc4.2.4/gcc-4.2.4/configure --prefix=/opt/brcm/hndtools-mipsel-uclibc-4.2.4 --build=i486-linux-gnu --host=i486-linux-gnu --target=mipsel-linux-uclibc --with-gnu-ld --enable-target-optspace --disable-libgomp --disable-libmudflap --disable-multilib --disable-nls --disable-__cxa_atexit --enable-libssp --enable-languages=c,c++ --enable-shared --enable-threads --disable-tls
Thread model: posix
gcc version 4.2.4
configure:1725: $? = 0
configure:1727: mipsel-linux-uclibc-gcc -V </dev/null >&5
mipsel-linux-uclibc-gcc: '-V' option must have argument
configure:1730: $? = 1
configure:1753: checking for C compiler default output file name
configure:1756: mipsel-linux-uclibc-gcc    conftest.c  >&5
configure:1759: $? = 0
configure:1805: result: a.out
configure:1810: checking whether the C compiler works
configure:1816: ./a.out
./configure: line 1817: ./a.out: cannot execute binary file
configure:1819: $? = 126
configure:1836: result: yes
configure:1843: checking whether we are cross compiling
configure:1845: result: yes
configure:1848: checking for suffix of executables
configure:1850: mipsel-linux-uclibc-gcc -o conftest    conftest.c  >&5
configure:1853: $? = 0
configure:1878: result: 
configure:1884: checking for suffix of object files
configure:1905: mipsel-linux-uclibc-gcc -c   conftest.c >&5
configure:1908: $? = 0
configure:1930: result: o
configure:1934: checking whether we are using the GNU C compiler
configure:1958: mipsel-linux-uclibc-gcc -c   conftest.c >&5
configure:1964: $? = 0
configure:1968: test -z 
			 || test ! -s conftest.err
configure:1971: $? = 0
configure:1974: test -s conftest.o
configure:1977: $? = 0
configure:1990: result: yes
configure:1996: checking whether mipsel-linux-uclibc-gcc accepts -g
configure:2017: mipsel-linux-uclibc-gcc -c -g  conftest.c >&5
configure:2023: $? = 0
configure:2027: test -z 
			 || test ! -s conftest.err
configure:2030: $? = 0
configure:2033: test -s conftest.o
configure:2036: $? = 0
configure:2047: result: yes
configure:2064: checking for mipsel-linux-uclibc-gcc option to accept ANSI C
configure:2134: mipsel-linux-uclibc-gcc  -c -g -O2  conftest.c >&5
configure:2140: $? = 0
configure:2144: test -z 
			 || test ! -s conftest.err
configure:2147: $? = 0
configure:2150: test -s conftest.o
configure:2153: $? = 0
configure:2171: result: none needed
configure:2189: mipsel-linux-uclibc-gcc -c -g -O2  conftest.c >&5
conftest.c:2: error: expected '=', ',', ';', 'asm' or '__attribute__' before 'me'
configure:2195: $? = 1
configure: failed program was:
| #ifndef __cplusplus
|   choke me
| #endif
configure:2336: checking how to run the C preprocessor
configure:2371: mipsel-linux-uclibc-gcc -E  conftest.c
configure:2377: $? = 0
configure:2409: mipsel-linux-uclibc-gcc -E  conftest.c
conftest.c:9:28: error: ac_nonexistent.h: No such file or directory
configure:2415: $? = 1
configure: failed program was:
| /* confdefs.h.  */
| 
| #define PACKAGE_NAME ""
| #define PACKAGE_TARNAME ""
| #define PACKAGE_VERSION ""
| #define PACKAGE_STRING ""
| #define PACKAGE_BUGREPORT ""
| /* end confdefs.h.  */
| #include <ac_nonexistent.h>
configure:2454: result: mipsel-linux-uclibc-gcc -E
configure:2478: mipsel-linux-uclibc-gcc -E  conftest.c
configure:2484: $? = 0
configure:2516: mipsel-linux-uclibc-gcc -E  conftest.c
conftest.c:9:28: error: ac_nonexistent.h: No such file or directory
configure:2522: $? = 1
configure: failed program was:
| /* confdefs.h.  */
| 
| #define PACKAGE_NAME ""
| #define PACKAGE_TARNAME ""
| #define PACKAGE_VERSION ""
| #define PACKAGE_STRING ""
| #define PACKAGE_BUGREPORT ""
| /* end confdefs.h.  */
| #include <ac_nonexistent.h>
configure:2566: checking for egrep
configure:2576: result: grep -E
configure:2581: checking for ANSI C header files
configure:2606: mipsel-linux-uclibc-gcc -c -g -O2 -Wall  conftest.c >&5
configure:2612: $? = 0
configure:2616: test -z 
			 || test ! -s conftest.err
configure:2619: $? = 0
configure:2622: test -s conftest.o
configure:2625: $? = 0
configure:2737: result: yes
configure:2761: checking for sys/types.h
configure:2777: mipsel-linux-uclibc-gcc -c -g -O2 -Wall  conftest.c >&5
configure:2783: $? = 0
configure:2787: test -z 
			 || test ! -s conftest.err
configure:2790: $? = 0
configure:2793: test -s conftest.o
configure:2796: $? = 0
configure:2807: result: yes
configure:2761: checking for sys/stat.h
configure:2777: mipsel-linux-uclibc-gcc -c -g -O2 -Wall  conftest.c >&5
configure:2783: $? = 0
configure:2787: test -z 
			 || test ! -s conftest.err
configure:2790: $? = 0
configure:2793: test -s conftest.o
configure:2796: $? = 0
configure:2807: result: yes
configure:2761: checking for stdlib.h
configure:2777: mipsel-linux-uclibc-gcc -c -g -O2 -Wall  conftest.c >&5
configure:2783: $? = 0
configure:2787: test -z 
			 || test ! -s conftest.err
configure:2790: $? = 0
configure:2793: test -s conftest.o
configure:2796: $? = 0
configure:2807: result: yes
configure:2761: checking for string.h
configure:2777: mipsel-linux-uclibc-gcc -c -g -O2 -Wall  conftest.c >&5
configure:2783: $? = 0
configure:2787: test -z 
			 || test ! -s conftest.err
configure:2790: $? = 0
configure:2793: test -s conftest.o
configure:2796: $? = 0
configure:2807: result: yes
configure:2761: checking for memory.h
configure:2777: mipsel-linux-uclibc-gcc -c -g -O2 -Wall  conftest.c >&5
configure:2783: $? = 0
configure:2787: test -z 
			 || test ! -s conftest.err
configure:2790: $? = 0
configure:2793: test -s conftest.o
configure:2796: $? = 0
configure:2807: result: yes
configure:2761: checking for strings.h
configure:2777: mipsel-linux-uclibc-gcc -c -g -O2 -Wall  conftest.c >&5
configure:2783: $? = 0
configure:2787: test -z 
			 || test ! -s conftest.err
configure:2790: $? = 0
configure:2793: test -s conftest.o
configure:2796: $? = 0
configure:2807: result: yes
configure:2761: checking for inttypes.h
configure:2777: mipsel-linux-uclibc-gcc -c -g -O2 -Wall  conftest.c >&5
configure:2783: $? = 0
configure:2787: test -z 
			 || test ! -s conftest.err
configure:2790: $? = 0
configure:2793: test -s conftest.o
configure:2796: $? = 0
configure:2807: result: yes
configure:2761: checking for stdint.h
configure:2777: mipsel-linux-uclibc-gcc -c -g -O2 -Wall  conftest.c >&5
configure:2783: $? = 0
configure:2787: test -z 
			 || test ! -s conftest.err
configure:2790: $? = 0
configure:2793: test -s conftest.o
configure:2796: $? = 0
configure:2807: result: yes
configure:2761: checking for unistd.h
configure:2777: mipsel-linux-uclibc-gcc -c -g -O2 -Wall  conftest.c >&5
configure:2783: $? = 0
configure:2787: test -z 
			 || test ! -s conftest.err
configure:2790: $? = 0
configure:2793: test -s conftest.o
configure:2796: $? = 0
configure:2807: result: yes
configure:2829: checking for string.h
configure:2834: result: yes
configure:2829: checking for strings.h
configure:2834: result: yes
configure:2829: checking for memory.h
configure:2834: result: yes
configure:2838: checking malloc.h usability
configure:2850: mipsel-linux-uclibc-gcc -c -g -O2 -Wall  conftest.c >&5
configure:2856: $? = 0
configure:2860: test -z 
			 || test ! -s conftest.err
configure:2863: $? = 0
configure:2866: test -s conftest.o
configure:2869: $? = 0
configure:2879: result: yes
configure:2883: checking malloc.h presence
configure:2893: mipsel-linux-uclibc-gcc -E  conftest.c
configure:2899: $? = 0
configure:2919: result: yes
configure:2954: checking for malloc.h
configure:2961: result: yes
configure:2829: checking for unistd.h
configure:2834: result: yes
configure:2838: checking ctype.h usability
configure:2850: mipsel-linux-uclibc-gcc -c -g -O2 -Wall  conftest.c >&5
configure:2856: $? = 0
configure:2860: test -z 
			 || test ! -s conftest.err
configure:2863: $? = 0
configure:2866: test -s conftest.o
configure:2869: $? = 0
configure:2879: result: yes
configure:2883: checking ctype.h presence
configure:2893: mipsel-linux-uclibc-gcc -E  conftest.c
configure:2899: $? = 0
configure:2919: result: yes
configure:2954: checking for ctype.h
configure:2961: result: yes
configure:2993: checking limits usability
configure:3005: mipsel-linux-uclibc-gcc -c -g -O2 -Wall  conftest.c >&5
conftest.c:59:18: error: limits: No such file or directory
configure:3011: $? = 1
configure: failed program was:
| /* confdefs.h.  */
| 
| #define PACKAGE_NAME ""
| #define PACKAGE_TARNAME ""
| #define PACKAGE_VERSION ""
| #define PACKAGE_STRING ""
| #define PACKAGE_BUGREPORT ""
| #define STDC_HEADERS 1
| #define HAVE_SYS_TYPES_H 1
| #define HAVE_SYS_STAT_H 1
| #define HAVE_STDLIB_H 1
| #define HAVE_STRING_H 1
| #define HAVE_MEMORY_H 1
| #define HAVE_STRINGS_H 1
| #define HAVE_INTTYPES_H 1
| #define HAVE_STDINT_H 1
| #define HAVE_UNISTD_H 1
| #define HAVE_STRING_H 1
| #define HAVE_STRINGS_H 1
| #define HAVE_MEMORY_H 1
| #define HAVE_MALLOC_H 1
| #define HAVE_UNISTD_H 1
| #define HAVE_CTYPE_H 1
| /* end confdefs.h.  */
| #include <stdio.h>
| #if HAVE_SYS_TYPES_H
| # include <sys/types.h>
| #endif
| #if HAVE_SYS_STAT_H
| # include <sys/stat.h>
| #endif
| #if STDC_HEADERS
| # include <stdlib.h>
| # include <stddef.h>
| #else
| # if HAVE_STDLIB_H
| #  include <stdlib.h>
| # endif
| #endif
| #if HAVE_STRING_H
| # if !STDC_HEADERS && HAVE_MEMORY_H
| #  include <memory.h>
| # endif
| # include <string.h>
| #endif
| #if HAVE_STRINGS_H
| # include <strings.h>
| #endif
| #if HAVE_INTTYPES_H
| # include <inttypes.h>
| #else
| # if HAVE_STDINT_H
| #  include <stdint.h>
| # endif
| #endif
| #if HAVE_UNISTD_H
| # include <unistd.h>
| #endif
| #include <limits>
configure:3034: result: no
configure:3038: checking limits presence
configure:3048: mipsel-linux-uclibc-gcc -E  conftest.c
conftest.c:25:18: error: limits: No such file or directory
configure:3054: $? = 1
configure: failed program was:
| /* confdefs.h.  */
| 
| #define PACKAGE_NAME ""
| #define PACKAGE_TARNAME ""
| #define PACKAGE_VERSION ""
| #define PACKAGE_STRING ""
| #define PACKAGE_BUGREPORT ""
| #define STDC_HEADERS 1
| #define HAVE_SYS_TYPES_H 1
| #define HAVE_SYS_STAT_H 1
| #define HAVE_STDLIB_H 1
| #define HAVE_STRING_H 1
| #define HAVE_MEMORY_H 1
| #define HAVE_STRINGS_H 1
| #define HAVE_INTTYPES_H 1
| #define HAVE_STDINT_H 1
| #define HAVE_UNISTD_H 1
| #define HAVE_STRING_H 1
| #define HAVE_STRINGS_H 1
| #define HAVE_MEMORY_H 1
| #define HAVE_MALLOC_H 1
| #define HAVE_UNISTD_H 1
| #define HAVE_CTYPE_H 1
| /* end confdefs.h.  */
| #include <limits>
configure:3074: result: no
configure:3109: checking for limits
configure:3116: result: no
configure:2984: checking for stdint.h
configure:2989: result: yes
configure:2984: checking for sys/types.h
configure:2989: result: yes
configure:2984: checking for stdlib.h
configure:2989: result: yes
configure:2993: checking fcntl.h usability
configure:3005: mipsel-linux-uclibc-gcc -c -g -O2 -Wall  conftest.c >&5
configure:3011: $? = 0
configure:3015: test -z 
			 || test ! -s conftest.err
configure:3018: $? = 0
configure:3021: test -s conftest.o
configure:3024: $? = 0
configure:3034: result: yes
configure:3038: checking fcntl.h presence
configure:3048: mipsel-linux-uclibc-gcc -E  conftest.c
configure:3054: $? = 0
configure:3074: result: yes
configure:3109: checking for fcntl.h
configure:3116: result: yes
configure:2993: checking sys/file.h usability
configure:3005: mipsel-linux-uclibc-gcc -c -g -O2 -Wall  conftest.c >&5
configure:3011: $? = 0
configure:3015: test -z 
			 || test ! -s conftest.err
configure:3018: $? = 0
configure:3021: test -s conftest.o
configure:3024: $? = 0
configure:3034: result: yes
configure:3038: checking sys/file.h presence
configure:3048: mipsel-linux-uclibc-gcc -E  conftest.c
configure:3054: $? = 0
configure:3074: result: yes
configure:3109: checking for sys/file.h
configure:3116: result: yes
configure:3136: checking for flock
configure:3193: mipsel-linux-uclibc-gcc -o conftest -g -O2 -Wall   conftest.c  >&5
configure:3199: $? = 0
configure:3203: test -z 
			 || test ! -s conftest.err
configure:3206: $? = 0
configure:3209: test -s conftest
configure:3212: $? = 0
configure:3224: result: yes
configure:3345: checking for socket
configure:3402: mipsel-linux-uclibc-gcc -o conftest -g -O2 -Wall   conftest.c  >&5
configure:3408: $? = 0
configure:3412: test -z 
			 || test ! -s conftest.err
configure:3415: $? = 0
configure:3418: test -s conftest
configure:3421: $? = 0
configure:3433: result: yes
configure:3770: checking for htonl
configure:3827: mipsel-linux-uclibc-gcc -o conftest -g -O2 -Wall   conftest.c  >&5
configure:3833: $? = 0
configure:3837: test -z 
			 || test ! -s conftest.err
configure:3840: $? = 0
configure:3843: test -s conftest
configure:3846: $? = 0
configure:3858: result: yes
configure:4195: checking for gethostname
configure:4252: mipsel-linux-uclibc-gcc -o conftest -g -O2 -Wall   conftest.c  >&5
configure:4258: $? = 0
configure:4262: test -z 
			 || test ! -s conftest.err
configure:4265: $? = 0
configure:4268: test -s conftest
configure:4271: $? = 0
configure:4283: result: yes
configure:4620: checking for gethostbyaddr
configure:4677: mipsel-linux-uclibc-gcc -o conftest -g -O2 -Wall   conftest.c  >&5
configure:4683: $? = 0
configure:4687: test -z 
			 || test ! -s conftest.err
configure:4690: $? = 0
configure:4693: test -s conftest
configure:4696: $? = 0
configure:4708: result: yes
configure:5045: checking for yp_get_default_domain
configure:5102: mipsel-linux-uclibc-gcc -o conftest -g -O2 -Wall   conftest.c  >&5
/tmp/ccAQRfXl.o: In function `main':
/home/alexanderfb/Downloads/tomato/tomato-slodki-ND-1.28.02/release/src/router/mailsend1.14/conftest.c:74: undefined reference to `yp_get_default_domain'
/tmp/ccAQRfXl.o:(.data.rel+0x0): undefined reference to `yp_get_default_domain'
collect2: ld returned 1 exit status
configure:5108: $? = 1
configure: failed program was:
| /* confdefs.h.  */
| 
| #define PACKAGE_NAME ""
| #define PACKAGE_TARNAME ""
| #define PACKAGE_VERSION ""
| #define PACKAGE_STRING ""
| #define PACKAGE_BUGREPORT ""
| #define STDC_HEADERS 1
| #define HAVE_SYS_TYPES_H 1
| #define HAVE_SYS_STAT_H 1
| #define HAVE_STDLIB_H 1
| #define HAVE_STRING_H 1
| #define HAVE_MEMORY_H 1
| #define HAVE_STRINGS_H 1
| #define HAVE_INTTYPES_H 1
| #define HAVE_STDINT_H 1
| #define HAVE_UNISTD_H 1
| #define HAVE_STRING_H 1
| #define HAVE_STRINGS_H 1
| #define HAVE_MEMORY_H 1
| #define HAVE_MALLOC_H 1
| #define HAVE_UNISTD_H 1
| #define HAVE_CTYPE_H 1
| #define HAVE_STDINT_H 1
| #define HAVE_SYS_TYPES_H 1
| #define HAVE_STDLIB_H 1
| #define HAVE_FCNTL_H 1
| #define HAVE_SYS_FILE_H 1
| #define HAVE_FLOCK 1
| #define HAVE_SOCKET 1
| #define HAVE_HTONL 1
| #define HAVE_GETHOSTNAME 1
| #define HAVE_GETHOSTBYADDR 1
| /* end confdefs.h.  */
| /* Define yp_get_default_domain to an innocuous variant, in case <limits.h> declares yp_get_default_domain.
|    For example, HP-UX 11i <limits.h> declares gettimeofday.  */
| #define yp_get_default_domain innocuous_yp_get_default_domain
| 
| /* System header to define __stub macros and hopefully few prototypes,
|     which can conflict with char yp_get_default_domain (); below.
|     Prefer <limits.h> to <assert.h> if __STDC__ is defined, since
|     <limits.h> exists even on freestanding compilers.  */
| 
| #ifdef __STDC__
| # include <limits.h>
| #else
| # include <assert.h>
| #endif
| 
| #undef yp_get_default_domain
| 
| /* Override any gcc2 internal prototype to avoid an error.  */
| #ifdef __cplusplus
| extern "C"
| {
| #endif
| /* We use char because int might match the return type of a gcc2
|    builtin and then its argument prototype would still apply.  */
| char yp_get_default_domain ();
| /* The GNU C library defines this for functions which it implements
|     to always fail with ENOSYS.  Some functions are actually named
|     something starting with __ and the normal name is an alias.  */
| #if defined (__stub_yp_get_default_domain) || defined (__stub___yp_get_default_domain)
| choke me
| #else
| char (*f) () = yp_get_default_domain;
| #endif
| #ifdef __cplusplus
| }
| #endif
| 
| int
| main ()
| {
| return f != yp_get_default_domain;
|   ;
|   return 0;
| }
configure:5133: result: no
configure:5138: checking for __yp_get_default_domain
configure:5195: mipsel-linux-uclibc-gcc -o conftest -g -O2 -Wall   conftest.c  >&5
/tmp/ccY11qEp.o: In function `main':
/home/alexanderfb/Downloads/tomato/tomato-slodki-ND-1.28.02/release/src/router/mailsend1.14/conftest.c:74: undefined reference to `__yp_get_default_domain'
/tmp/ccY11qEp.o:(.data.rel+0x0): undefined reference to `__yp_get_default_domain'
collect2: ld returned 1 exit status
configure:5201: $? = 1
configure: failed program was:
| /* confdefs.h.  */
| 
| #define PACKAGE_NAME ""
| #define PACKAGE_TARNAME ""
| #define PACKAGE_VERSION ""
| #define PACKAGE_STRING ""
| #define PACKAGE_BUGREPORT ""
| #define STDC_HEADERS 1
| #define HAVE_SYS_TYPES_H 1
| #define HAVE_SYS_STAT_H 1
| #define HAVE_STDLIB_H 1
| #define HAVE_STRING_H 1
| #define HAVE_MEMORY_H 1
| #define HAVE_STRINGS_H 1
| #define HAVE_INTTYPES_H 1
| #define HAVE_STDINT_H 1
| #define HAVE_UNISTD_H 1
| #define HAVE_STRING_H 1
| #define HAVE_STRINGS_H 1
| #define HAVE_MEMORY_H 1
| #define HAVE_MALLOC_H 1
| #define HAVE_UNISTD_H 1
| #define HAVE_CTYPE_H 1
| #define HAVE_STDINT_H 1
| #define HAVE_SYS_TYPES_H 1
| #define HAVE_STDLIB_H 1
| #define HAVE_FCNTL_H 1
| #define HAVE_SYS_FILE_H 1
| #define HAVE_FLOCK 1
| #define HAVE_SOCKET 1
| #define HAVE_HTONL 1
| #define HAVE_GETHOSTNAME 1
| #define HAVE_GETHOSTBYADDR 1
| /* end confdefs.h.  */
| /* Define __yp_get_default_domain to an innocuous variant, in case <limits.h> declares __yp_get_default_domain.
|    For example, HP-UX 11i <limits.h> declares gettimeofday.  */
| #define __yp_get_default_domain innocuous___yp_get_default_domain
| 
| /* System header to define __stub macros and hopefully few prototypes,
|     which can conflict with char __yp_get_default_domain (); below.
|     Prefer <limits.h> to <assert.h> if __STDC__ is defined, since
|     <limits.h> exists even on freestanding compilers.  */
| 
| #ifdef __STDC__
| # include <limits.h>
| #else
| # include <assert.h>
| #endif
| 
| #undef __yp_get_default_domain
| 
| /* Override any gcc2 internal prototype to avoid an error.  */
| #ifdef __cplusplus
| extern "C"
| {
| #endif
| /* We use char because int might match the return type of a gcc2
|    builtin and then its argument prototype would still apply.  */
| char __yp_get_default_domain ();
| /* The GNU C library defines this for functions which it implements
|     to always fail with ENOSYS.  Some functions are actually named
|     something starting with __ and the normal name is an alias.  */
| #if defined (__stub___yp_get_default_domain) || defined (__stub_____yp_get_default_domain)
| choke me
| #else
| char (*f) () = __yp_get_default_domain;
| #endif
| #ifdef __cplusplus
| }
| #endif
| 
| int
| main ()
| {
| return f != __yp_get_default_domain;
|   ;
|   return 0;
| }
configure:5226: result: no
configure:5252: checking for yp_get_default_domain in -lnsl
configure:5282: mipsel-linux-uclibc-gcc -o conftest -g -O2 -Wall   conftest.c -lnsl   >&5
/tmp/ccOT2L4u.o: In function `main':
/home/alexanderfb/Downloads/tomato/tomato-slodki-ND-1.28.02/release/src/router/mailsend1.14/conftest.c:46: undefined reference to `yp_get_default_domain'
collect2: ld returned 1 exit status
configure:5288: $? = 1
configure: failed program was:
| /* confdefs.h.  */
| 
| #define PACKAGE_NAME ""
| #define PACKAGE_TARNAME ""
| #define PACKAGE_VERSION ""
| #define PACKAGE_STRING ""
| #define PACKAGE_BUGREPORT ""
| #define STDC_HEADERS 1
| #define HAVE_SYS_TYPES_H 1
| #define HAVE_SYS_STAT_H 1
| #define HAVE_STDLIB_H 1
| #define HAVE_STRING_H 1
| #define HAVE_MEMORY_H 1
| #define HAVE_STRINGS_H 1
| #define HAVE_INTTYPES_H 1
| #define HAVE_STDINT_H 1
| #define HAVE_UNISTD_H 1
| #define HAVE_STRING_H 1
| #define HAVE_STRINGS_H 1
| #define HAVE_MEMORY_H 1
| #define HAVE_MALLOC_H 1
| #define HAVE_UNISTD_H 1
| #define HAVE_CTYPE_H 1
| #define HAVE_STDINT_H 1
| #define HAVE_SYS_TYPES_H 1
| #define HAVE_STDLIB_H 1
| #define HAVE_FCNTL_H 1
| #define HAVE_SYS_FILE_H 1
| #define HAVE_FLOCK 1
| #define HAVE_SOCKET 1
| #define HAVE_HTONL 1
| #define HAVE_GETHOSTNAME 1
| #define HAVE_GETHOSTBYADDR 1
| /* end confdefs.h.  */
| 
| /* Override any gcc2 internal prototype to avoid an error.  */
| #ifdef __cplusplus
| extern "C"
| #endif
| /* We use char because int might match the return type of a gcc2
|    builtin and then its argument prototype would still apply.  */
| char yp_get_default_domain ();
| int
| main ()
| {
| yp_get_default_domain ();
|   ;
|   return 0;
| }
configure:5314: result: no
configure:5320: checking for __yp_get_default_domain in -lnsl
configure:5350: mipsel-linux-uclibc-gcc -o conftest -g -O2 -Wall   conftest.c -lnsl   >&5
/tmp/ccQxdDMB.o: In function `main':
/home/alexanderfb/Downloads/tomato/tomato-slodki-ND-1.28.02/release/src/router/mailsend1.14/conftest.c:46: undefined reference to `__yp_get_default_domain'
collect2: ld returned 1 exit status
configure:5356: $? = 1
configure: failed program was:
| /* confdefs.h.  */
| 
| #define PACKAGE_NAME ""
| #define PACKAGE_TARNAME ""
| #define PACKAGE_VERSION ""
| #define PACKAGE_STRING ""
| #define PACKAGE_BUGREPORT ""
| #define STDC_HEADERS 1
| #define HAVE_SYS_TYPES_H 1
| #define HAVE_SYS_STAT_H 1
| #define HAVE_STDLIB_H 1
| #define HAVE_STRING_H 1
| #define HAVE_MEMORY_H 1
| #define HAVE_STRINGS_H 1
| #define HAVE_INTTYPES_H 1
| #define HAVE_STDINT_H 1
| #define HAVE_UNISTD_H 1
| #define HAVE_STRING_H 1
| #define HAVE_STRINGS_H 1
| #define HAVE_MEMORY_H 1
| #define HAVE_MALLOC_H 1
| #define HAVE_UNISTD_H 1
| #define HAVE_CTYPE_H 1
| #define HAVE_STDINT_H 1
| #define HAVE_SYS_TYPES_H 1
| #define HAVE_STDLIB_H 1
| #define HAVE_FCNTL_H 1
| #define HAVE_SYS_FILE_H 1
| #define HAVE_FLOCK 1
| #define HAVE_SOCKET 1
| #define HAVE_HTONL 1
| #define HAVE_GETHOSTNAME 1
| #define HAVE_GETHOSTBYADDR 1
| /* end confdefs.h.  */
| 
| /* Override any gcc2 internal prototype to avoid an error.  */
| #ifdef __cplusplus
| extern "C"
| #endif
| /* We use char because int might match the return type of a gcc2
|    builtin and then its argument prototype would still apply.  */
| char __yp_get_default_domain ();
| int
| main ()
| {
| __yp_get_default_domain ();
|   ;
|   return 0;
| }
configure:5382: result: no
configure:5471: checking for res_search
configure:5528: mipsel-linux-uclibc-gcc -o conftest -g -O2 -Wall   conftest.c  >&5
/tmp/ccw0PWvJ.o: In function `main':
/home/alexanderfb/Downloads/tomato/tomato-slodki-ND-1.28.02/release/src/router/mailsend1.14/conftest.c:74: undefined reference to `res_search'
/tmp/ccw0PWvJ.o:(.data.rel+0x0): undefined reference to `res_search'
collect2: ld returned 1 exit status
configure:5534: $? = 1
configure: failed program was:
| /* confdefs.h.  */
| 
| #define PACKAGE_NAME ""
| #define PACKAGE_TARNAME ""
| #define PACKAGE_VERSION ""
| #define PACKAGE_STRING ""
| #define PACKAGE_BUGREPORT ""
| #define STDC_HEADERS 1
| #define HAVE_SYS_TYPES_H 1
| #define HAVE_SYS_STAT_H 1
| #define HAVE_STDLIB_H 1
| #define HAVE_STRING_H 1
| #define HAVE_MEMORY_H 1
| #define HAVE_STRINGS_H 1
| #define HAVE_INTTYPES_H 1
| #define HAVE_STDINT_H 1
| #define HAVE_UNISTD_H 1
| #define HAVE_STRING_H 1
| #define HAVE_STRINGS_H 1
| #define HAVE_MEMORY_H 1
| #define HAVE_MALLOC_H 1
| #define HAVE_UNISTD_H 1
| #define HAVE_CTYPE_H 1
| #define HAVE_STDINT_H 1
| #define HAVE_SYS_TYPES_H 1
| #define HAVE_STDLIB_H 1
| #define HAVE_FCNTL_H 1
| #define HAVE_SYS_FILE_H 1
| #define HAVE_FLOCK 1
| #define HAVE_SOCKET 1
| #define HAVE_HTONL 1
| #define HAVE_GETHOSTNAME 1
| #define HAVE_GETHOSTBYADDR 1
| /* end confdefs.h.  */
| /* Define res_search to an innocuous variant, in case <limits.h> declares res_search.
|    For example, HP-UX 11i <limits.h> declares gettimeofday.  */
| #define res_search innocuous_res_search
| 
| /* System header to define __stub macros and hopefully few prototypes,
|     which can conflict with char res_search (); below.
|     Prefer <limits.h> to <assert.h> if __STDC__ is defined, since
|     <limits.h> exists even on freestanding compilers.  */
| 
| #ifdef __STDC__
| # include <limits.h>
| #else
| # include <assert.h>
| #endif
| 
| #undef res_search
| 
| /* Override any gcc2 internal prototype to avoid an error.  */
| #ifdef __cplusplus
| extern "C"
| {
| #endif
| /* We use char because int might match the return type of a gcc2
|    builtin and then its argument prototype would still apply.  */
| char res_search ();
| /* The GNU C library defines this for functions which it implements
|     to always fail with ENOSYS.  Some functions are actually named
|     something starting with __ and the normal name is an alias.  */
| #if defined (__stub_res_search) || defined (__stub___res_search)
| choke me
| #else
| char (*f) () = res_search;
| #endif
| #ifdef __cplusplus
| }
| #endif
| 
| int
| main ()
| {
| return f != res_search;
|   ;
|   return 0;
| }
configure:5559: result: no
configure:5564: checking for __res_search
configure:5621: mipsel-linux-uclibc-gcc -o conftest -g -O2 -Wall   conftest.c  >&5
configure:5627: $? = 0
configure:5631: test -z 
			 || test ! -s conftest.err
configure:5634: $? = 0
configure:5637: test -s conftest
configure:5640: $? = 0
configure:5652: result: yes
configure:6321: checking for inet_aton
configure:6378: mipsel-linux-uclibc-gcc -o conftest -g -O2 -Wall   conftest.c  >&5
configure:6384: $? = 0
configure:6388: test -z 
			 || test ! -s conftest.err
configure:6391: $? = 0
configure:6394: test -s conftest
configure:6397: $? = 0
configure:6409: result: yes
configure:6958: checking for dn_skipname
configure:7015: mipsel-linux-uclibc-gcc -o conftest -g -O2 -Wall   conftest.c  >&5
/tmp/ccQNbas0.o: In function `main':
/home/alexanderfb/Downloads/tomato/tomato-slodki-ND-1.28.02/release/src/router/mailsend1.14/conftest.c:76: undefined reference to `dn_skipname'
/tmp/ccQNbas0.o:(.data.rel+0x0): undefined reference to `dn_skipname'
collect2: ld returned 1 exit status
configure:7021: $? = 1
configure: failed program was:
| /* confdefs.h.  */
| 
| #define PACKAGE_NAME ""
| #define PACKAGE_TARNAME ""
| #define PACKAGE_VERSION ""
| #define PACKAGE_STRING ""
| #define PACKAGE_BUGREPORT ""
| #define STDC_HEADERS 1
| #define HAVE_SYS_TYPES_H 1
| #define HAVE_SYS_STAT_H 1
| #define HAVE_STDLIB_H 1
| #define HAVE_STRING_H 1
| #define HAVE_MEMORY_H 1
| #define HAVE_STRINGS_H 1
| #define HAVE_INTTYPES_H 1
| #define HAVE_STDINT_H 1
| #define HAVE_UNISTD_H 1
| #define HAVE_STRING_H 1
| #define HAVE_STRINGS_H 1
| #define HAVE_MEMORY_H 1
| #define HAVE_MALLOC_H 1
| #define HAVE_UNISTD_H 1
| #define HAVE_CTYPE_H 1
| #define HAVE_STDINT_H 1
| #define HAVE_SYS_TYPES_H 1
| #define HAVE_STDLIB_H 1
| #define HAVE_FCNTL_H 1
| #define HAVE_SYS_FILE_H 1
| #define HAVE_FLOCK 1
| #define HAVE_SOCKET 1
| #define HAVE_HTONL 1
| #define HAVE_GETHOSTNAME 1
| #define HAVE_GETHOSTBYADDR 1
| #define HAVE_RES_SEARCH 1
| #define HAVE_INET_ATON 1
| /* end confdefs.h.  */
| /* Define dn_skipname to an innocuous variant, in case <limits.h> declares dn_skipname.
|    For example, HP-UX 11i <limits.h> declares gettimeofday.  */
| #define dn_skipname innocuous_dn_skipname
| 
| /* System header to define __stub macros and hopefully few prototypes,
|     which can conflict with char dn_skipname (); below.
|     Prefer <limits.h> to <assert.h> if __STDC__ is defined, since
|     <limits.h> exists even on freestanding compilers.  */
| 
| #ifdef __STDC__
| # include <limits.h>
| #else
| # include <assert.h>
| #endif
| 
| #undef dn_skipname
| 
| /* Override any gcc2 internal prototype to avoid an error.  */
| #ifdef __cplusplus
| extern "C"
| {
| #endif
| /* We use char because int might match the return type of a gcc2
|    builtin and then its argument prototype would still apply.  */
| char dn_skipname ();
| /* The GNU C library defines this for functions which it implements
|     to always fail with ENOSYS.  Some functions are actually named
|     something starting with __ and the normal name is an alias.  */
| #if defined (__stub_dn_skipname) || defined (__stub___dn_skipname)
| choke me
| #else
| char (*f) () = dn_skipname;
| #endif
| #ifdef __cplusplus
| }
| #endif
| 
| int
| main ()
| {
| return f != dn_skipname;
|   ;
|   return 0;
| }
configure:7046: result: no
configure:7051: checking for __dn_skipname
configure:7108: mipsel-linux-uclibc-gcc -o conftest -g -O2 -Wall   conftest.c  >&5
/tmp/cc4tGmF6.o: In function `main':
/home/alexanderfb/Downloads/tomato/tomato-slodki-ND-1.28.02/release/src/router/mailsend1.14/conftest.c:76: undefined reference to `__dn_skipname'
/tmp/cc4tGmF6.o:(.data.rel+0x0): undefined reference to `__dn_skipname'
collect2: ld returned 1 exit status
configure:7114: $? = 1
configure: failed program was:
| /* confdefs.h.  */
| 
| #define PACKAGE_NAME ""
| #define PACKAGE_TARNAME ""
| #define PACKAGE_VERSION ""
| #define PACKAGE_STRING ""
| #define PACKAGE_BUGREPORT ""
| #define STDC_HEADERS 1
| #define HAVE_SYS_TYPES_H 1
| #define HAVE_SYS_STAT_H 1
| #define HAVE_STDLIB_H 1
| #define HAVE_STRING_H 1
| #define HAVE_MEMORY_H 1
| #define HAVE_STRINGS_H 1
| #define HAVE_INTTYPES_H 1
| #define HAVE_STDINT_H 1
| #define HAVE_UNISTD_H 1
| #define HAVE_STRING_H 1
| #define HAVE_STRINGS_H 1
| #define HAVE_MEMORY_H 1
| #define HAVE_MALLOC_H 1
| #define HAVE_UNISTD_H 1
| #define HAVE_CTYPE_H 1
| #define HAVE_STDINT_H 1
| #define HAVE_SYS_TYPES_H 1
| #define HAVE_STDLIB_H 1
| #define HAVE_FCNTL_H 1
| #define HAVE_SYS_FILE_H 1
| #define HAVE_FLOCK 1
| #define HAVE_SOCKET 1
| #define HAVE_HTONL 1
| #define HAVE_GETHOSTNAME 1
| #define HAVE_GETHOSTBYADDR 1
| #define HAVE_RES_SEARCH 1
| #define HAVE_INET_ATON 1
| /* end confdefs.h.  */
| /* Define __dn_skipname to an innocuous variant, in case <limits.h> declares __dn_skipname.
|    For example, HP-UX 11i <limits.h> declares gettimeofday.  */
| #define __dn_skipname innocuous___dn_skipname
| 
| /* System header to define __stub macros and hopefully few prototypes,
|     which can conflict with char __dn_skipname (); below.
|     Prefer <limits.h> to <assert.h> if __STDC__ is defined, since
|     <limits.h> exists even on freestanding compilers.  */
| 
| #ifdef __STDC__
| # include <limits.h>
| #else
| # include <assert.h>
| #endif
| 
| #undef __dn_skipname
| 
| /* Override any gcc2 internal prototype to avoid an error.  */
| #ifdef __cplusplus
| extern "C"
| {
| #endif
| /* We use char because int might match the return type of a gcc2
|    builtin and then its argument prototype would still apply.  */
| char __dn_skipname ();
| /* The GNU C library defines this for functions which it implements
|     to always fail with ENOSYS.  Some functions are actually named
|     something starting with __ and the normal name is an alias.  */
| #if defined (__stub___dn_skipname) || defined (__stub_____dn_skipname)
| choke me
| #else
| char (*f) () = __dn_skipname;
| #endif
| #ifdef __cplusplus
| }
| #endif
| 
| int
| main ()
| {
| return f != __dn_skipname;
|   ;
|   return 0;
| }
configure:7139: result: no
configure:7165: checking for dn_skipname in -lresolv
configure:7195: mipsel-linux-uclibc-gcc -o conftest -g -O2 -Wall   conftest.c -lresolv   >&5
/tmp/cccJKRRb.o: In function `main':
/home/alexanderfb/Downloads/tomato/tomato-slodki-ND-1.28.02/release/src/router/mailsend1.14/conftest.c:48: undefined reference to `dn_skipname'
collect2: ld returned 1 exit status
configure:7201: $? = 1
configure: failed program was:
| /* confdefs.h.  */
| 
| #define PACKAGE_NAME ""
| #define PACKAGE_TARNAME ""
| #define PACKAGE_VERSION ""
| #define PACKAGE_STRING ""
| #define PACKAGE_BUGREPORT ""
| #define STDC_HEADERS 1
| #define HAVE_SYS_TYPES_H 1
| #define HAVE_SYS_STAT_H 1
| #define HAVE_STDLIB_H 1
| #define HAVE_STRING_H 1
| #define HAVE_MEMORY_H 1
| #define HAVE_STRINGS_H 1
| #define HAVE_INTTYPES_H 1
| #define HAVE_STDINT_H 1
| #define HAVE_UNISTD_H 1
| #define HAVE_STRING_H 1
| #define HAVE_STRINGS_H 1
| #define HAVE_MEMORY_H 1
| #define HAVE_MALLOC_H 1
| #define HAVE_UNISTD_H 1
| #define HAVE_CTYPE_H 1
| #define HAVE_STDINT_H 1
| #define HAVE_SYS_TYPES_H 1
| #define HAVE_STDLIB_H 1
| #define HAVE_FCNTL_H 1
| #define HAVE_SYS_FILE_H 1
| #define HAVE_FLOCK 1
| #define HAVE_SOCKET 1
| #define HAVE_HTONL 1
| #define HAVE_GETHOSTNAME 1
| #define HAVE_GETHOSTBYADDR 1
| #define HAVE_RES_SEARCH 1
| #define HAVE_INET_ATON 1
| /* end confdefs.h.  */
| 
| /* Override any gcc2 internal prototype to avoid an error.  */
| #ifdef __cplusplus
| extern "C"
| #endif
| /* We use char because int might match the return type of a gcc2
|    builtin and then its argument prototype would still apply.  */
| char dn_skipname ();
| int
| main ()
| {
| dn_skipname ();
|   ;
|   return 0;
| }
configure:7227: result: no
configure:7233: checking for __dn_skipname in -lresolv
configure:7263: mipsel-linux-uclibc-gcc -o conftest -g -O2 -Wall   conftest.c -lresolv   >&5
/tmp/cc878wSh.o: In function `main':
/home/alexanderfb/Downloads/tomato/tomato-slodki-ND-1.28.02/release/src/router/mailsend1.14/conftest.c:48: undefined reference to `__dn_skipname'
collect2: ld returned 1 exit status
configure:7269: $? = 1
configure: failed program was:
| /* confdefs.h.  */
| 
| #define PACKAGE_NAME ""
| #define PACKAGE_TARNAME ""
| #define PACKAGE_VERSION ""
| #define PACKAGE_STRING ""
| #define PACKAGE_BUGREPORT ""
| #define STDC_HEADERS 1
| #define HAVE_SYS_TYPES_H 1
| #define HAVE_SYS_STAT_H 1
| #define HAVE_STDLIB_H 1
| #define HAVE_STRING_H 1
| #define HAVE_MEMORY_H 1
| #define HAVE_STRINGS_H 1
| #define HAVE_INTTYPES_H 1
| #define HAVE_STDINT_H 1
| #define HAVE_UNISTD_H 1
| #define HAVE_STRING_H 1
| #define HAVE_STRINGS_H 1
| #define HAVE_MEMORY_H 1
| #define HAVE_MALLOC_H 1
| #define HAVE_UNISTD_H 1
| #define HAVE_CTYPE_H 1
| #define HAVE_STDINT_H 1
| #define HAVE_SYS_TYPES_H 1
| #define HAVE_STDLIB_H 1
| #define HAVE_FCNTL_H 1
| #define HAVE_SYS_FILE_H 1
| #define HAVE_FLOCK 1
| #define HAVE_SOCKET 1
| #define HAVE_HTONL 1
| #define HAVE_GETHOSTNAME 1
| #define HAVE_GETHOSTBYADDR 1
| #define HAVE_RES_SEARCH 1
| #define HAVE_INET_ATON 1
| /* end confdefs.h.  */
| 
| /* Override any gcc2 internal prototype to avoid an error.  */
| #ifdef __cplusplus
| extern "C"
| #endif
| /* We use char because int might match the return type of a gcc2
|    builtin and then its argument prototype would still apply.  */
| char __dn_skipname ();
| int
| main ()
| {
| __dn_skipname ();
|   ;
|   return 0;
| }
configure:7295: result: no
configure:7374: checking for dn_skipname in -lbind
configure:7404: mipsel-linux-uclibc-gcc -o conftest -g -O2 -Wall   conftest.c -lbind   >&5
/usr/local/lib/brcm/K24/hndtools-mipsel-uclibc-4.2.4/bin/../lib/gcc/mipsel-linux-uclibc/4.2.4/../../../../mipsel-linux-uclibc/bin/ld: cannot find -lbind
collect2: ld returned 1 exit status
configure:7410: $? = 1
configure: failed program was:
| /* confdefs.h.  */
| 
| #define PACKAGE_NAME ""
| #define PACKAGE_TARNAME ""
| #define PACKAGE_VERSION ""
| #define PACKAGE_STRING ""
| #define PACKAGE_BUGREPORT ""
| #define STDC_HEADERS 1
| #define HAVE_SYS_TYPES_H 1
| #define HAVE_SYS_STAT_H 1
| #define HAVE_STDLIB_H 1
| #define HAVE_STRING_H 1
| #define HAVE_MEMORY_H 1
| #define HAVE_STRINGS_H 1
| #define HAVE_INTTYPES_H 1
| #define HAVE_STDINT_H 1
| #define HAVE_UNISTD_H 1
| #define HAVE_STRING_H 1
| #define HAVE_STRINGS_H 1
| #define HAVE_MEMORY_H 1
| #define HAVE_MALLOC_H 1
| #define HAVE_UNISTD_H 1
| #define HAVE_CTYPE_H 1
| #define HAVE_STDINT_H 1
| #define HAVE_SYS_TYPES_H 1
| #define HAVE_STDLIB_H 1
| #define HAVE_FCNTL_H 1
| #define HAVE_SYS_FILE_H 1
| #define HAVE_FLOCK 1
| #define HAVE_SOCKET 1
| #define HAVE_HTONL 1
| #define HAVE_GETHOSTNAME 1
| #define HAVE_GETHOSTBYADDR 1
| #define HAVE_RES_SEARCH 1
| #define HAVE_INET_ATON 1
| /* end confdefs.h.  */
| 
| /* Override any gcc2 internal prototype to avoid an error.  */
| #ifdef __cplusplus
| extern "C"
| #endif
| /* We use char because int might match the return type of a gcc2
|    builtin and then its argument prototype would still apply.  */
| char dn_skipname ();
| int
| main ()
| {
| dn_skipname ();
|   ;
|   return 0;
| }
configure:7436: result: no
configure:7442: checking for __dn_skipname in -lbind
configure:7472: mipsel-linux-uclibc-gcc -o conftest -g -O2 -Wall   conftest.c -lbind   >&5
/usr/local/lib/brcm/K24/hndtools-mipsel-uclibc-4.2.4/bin/../lib/gcc/mipsel-linux-uclibc/4.2.4/../../../../mipsel-linux-uclibc/bin/ld: cannot find -lbind
collect2: ld returned 1 exit status
configure:7478: $? = 1
configure: failed program was:
| /* confdefs.h.  */
| 
| #define PACKAGE_NAME ""
| #define PACKAGE_TARNAME ""
| #define PACKAGE_VERSION ""
| #define PACKAGE_STRING ""
| #define PACKAGE_BUGREPORT ""
| #define STDC_HEADERS 1
| #define HAVE_SYS_TYPES_H 1
| #define HAVE_SYS_STAT_H 1
| #define HAVE_STDLIB_H 1
| #define HAVE_STRING_H 1
| #define HAVE_MEMORY_H 1
| #define HAVE_STRINGS_H 1
| #define HAVE_INTTYPES_H 1
| #define HAVE_STDINT_H 1
| #define HAVE_UNISTD_H 1
| #define HAVE_STRING_H 1
| #define HAVE_STRINGS_H 1
| #define HAVE_MEMORY_H 1
| #define HAVE_MALLOC_H 1
| #define HAVE_UNISTD_H 1
| #define HAVE_CTYPE_H 1
| #define HAVE_STDINT_H 1
| #define HAVE_SYS_TYPES_H 1
| #define HAVE_STDLIB_H 1
| #define HAVE_FCNTL_H 1
| #define HAVE_SYS_FILE_H 1
| #define HAVE_FLOCK 1
| #define HAVE_SOCKET 1
| #define HAVE_HTONL 1
| #define HAVE_GETHOSTNAME 1
| #define HAVE_GETHOSTBYADDR 1
| #define HAVE_RES_SEARCH 1
| #define HAVE_INET_ATON 1
| /* end confdefs.h.  */
| 
| /* Override any gcc2 internal prototype to avoid an error.  */
| #ifdef __cplusplus
| extern "C"
| #endif
| /* We use char because int might match the return type of a gcc2
|    builtin and then its argument prototype would still apply.  */
| char __dn_skipname ();
| int
| main ()
| {
| __dn_skipname ();
|   ;
|   return 0;
| }
configure:7504: result: no
configure:7595: checking for mkstemp
configure:7652: mipsel-linux-uclibc-gcc -o conftest -g -O2 -Wall   conftest.c  >&5
configure:7658: $? = 0
configure:7662: test -z 
			 || test ! -s conftest.err
configure:7665: $? = 0
configure:7668: test -s conftest
configure:7671: $? = 0
configure:7683: result: yes
configure:7928: creating ./config.status

## ---------------------- ##
## Running config.status. ##
## ---------------------- ##

This file was extended by config.status, which was
generated by GNU Autoconf 2.59.  Invocation command line was

  CONFIG_FILES    = 
  CONFIG_HEADERS  = 
  CONFIG_LINKS    = 
  CONFIG_COMMANDS = 
  $ ./config.status 

on himmel

config.status:639: creating Makefile
config.status:639: creating libs/libmsock/Makefile
config.status:639: creating libs/libmutils/Makefile
config.status:639: creating libs/libsll/Makefile

## ---------------- ##
## Cache variables. ##
## ---------------- ##

ac_cv_c_compiler_gnu=yes
ac_cv_env_CC_set=
ac_cv_env_CC_value=
ac_cv_env_CFLAGS_set=
ac_cv_env_CFLAGS_value=
ac_cv_env_CPPFLAGS_set=
ac_cv_env_CPPFLAGS_value=
ac_cv_env_CPP_set=
ac_cv_env_CPP_value=
ac_cv_env_LDFLAGS_set=
ac_cv_env_LDFLAGS_value=
ac_cv_env_build_alias_set=
ac_cv_env_build_alias_value=
ac_cv_env_host_alias_set=set
ac_cv_env_host_alias_value=mipsel-linux-uclibc
ac_cv_env_target_alias_set=
ac_cv_env_target_alias_value=
ac_cv_exeext=
ac_cv_func___dn_skipname=no
ac_cv_func___res_search=yes
ac_cv_func___yp_get_default_domain=no
ac_cv_func_dn_skipname=no
ac_cv_func_flock=yes
ac_cv_func_gethostbyaddr=yes
ac_cv_func_gethostname=yes
ac_cv_func_htonl=yes
ac_cv_func_inet_aton=yes
ac_cv_func_mkstemp=yes
ac_cv_func_res_search=yes
ac_cv_func_socket=yes
ac_cv_func_yp_get_default_domain=no
ac_cv_header_ctype_h=yes
ac_cv_header_fcntl_h=yes
ac_cv_header_inttypes_h=yes
ac_cv_header_limits=no
ac_cv_header_malloc_h=yes
ac_cv_header_memory_h=yes
ac_cv_header_stdc=yes
ac_cv_header_stdint_h=yes
ac_cv_header_stdlib_h=yes
ac_cv_header_string_h=yes
ac_cv_header_strings_h=yes
ac_cv_header_sys_file_h=yes
ac_cv_header_sys_stat_h=yes
ac_cv_header_sys_types_h=yes
ac_cv_header_unistd_h=yes
ac_cv_lib_bind___dn_skipname=no
ac_cv_lib_bind_dn_skipname=no
ac_cv_lib_nsl___yp_get_default_domain=no
ac_cv_lib_nsl_yp_get_default_domain=no
ac_cv_lib_resolv___dn_skipname=no
ac_cv_lib_resolv_dn_skipname=no
ac_cv_objext=o
ac_cv_prog_CC=mipsel-linux-uclibc-gcc
ac_cv_prog_CPP='mipsel-linux-uclibc-gcc -E'
ac_cv_prog_RANLIB=mipsel-linux-uclibc-ranlib
ac_cv_prog_cc_g=yes
ac_cv_prog_cc_stdc=
ac_cv_prog_egrep='grep -E'
ac_cv_prog_make_make_set=yes

## ----------------- ##
## Output variables. ##
## ----------------- ##

CC='mipsel-linux-uclibc-gcc'
CFLAGS='-g -O2 -Wall'
CPP='mipsel-linux-uclibc-gcc -E'
CPPFLAGS=''
DEFS='-DPACKAGE_NAME=\"\" -DPACKAGE_TARNAME=\"\" -DPACKAGE_VERSION=\"\" -DPACKAGE_STRING=\"\" -DPACKAGE_BUGREPORT=\"\" -DSTDC_HEADERS=1 -DHAVE_SYS_TYPES_H=1 -DHAVE_SYS_STAT_H=1 -DHAVE_STDLIB_H=1 -DHAVE_STRING_H=1 -DHAVE_MEMORY_H=1 -DHAVE_STRINGS_H=1 -DHAVE_INTTYPES_H=1 -DHAVE_STDINT_H=1 -DHAVE_UNISTD_H=1 -DHAVE_STRING_H=1 -DHAVE_STRINGS_H=1 -DHAVE_MEMORY_H=1 -DHAVE_MALLOC_H=1 -DHAVE_UNISTD_H=1 -DHAVE_CTYPE_H=1 -DHAVE_STDINT_H=1 -DHAVE_SYS_TYPES_H=1 -DHAVE_STDLIB_H=1 -DHAVE_FCNTL_H=1 -DHAVE_SYS_FILE_H=1 -DHAVE_FLOCK=1 -DHAVE_SOCKET=1 -DHAVE_HTONL=1 -DHAVE_GETHOSTNAME=1 -DHAVE_GETHOSTBYADDR=1 -DHAVE_RES_SEARCH=1 -DHAVE_INET_ATON=1 -DHAVE_MKSTEMP=1 '
ECHO_C=''
ECHO_N='-n'
ECHO_T=''
EGREP='grep -E'
EXEEXT=''
LDFLAGS=''
LIBOBJS=''
LIBS=''
LTLIBOBJS=''
OBJEXT='o'
PACKAGE_BUGREPORT=''
PACKAGE_NAME=''
PACKAGE_STRING=''
PACKAGE_TARNAME=''
PACKAGE_VERSION=''
PATH_SEPARATOR=':'
RANLIB='mipsel-linux-uclibc-ranlib'
SET_MAKE=''
SHELL='/bin/sh'
ac_ct_CC=''
ac_ct_RANLIB=''
bindir='${exec_prefix}/bin'
build_alias=''
datadir='${prefix}/share'
exec_prefix='${prefix}'
host_alias='mipsel-linux-uclibc'
includedir='${prefix}/include'
infodir='${prefix}/info'
libdir='${exec_prefix}/lib'
libexecdir='${exec_prefix}/libexec'
localstatedir='${prefix}/var'
mandir='${prefix}/man'
oldincludedir='/usr/include'
prefix='/usr/local'
program_transform_name='s,x,x,'
sbindir='${exec_prefix}/sbin'
sharedstatedir='${prefix}/com'
sysconfdir='${prefix}/etc'
target_alias=''

## ----------- ##
## confdefs.h. ##
## ----------- ##

#define HAVE_CTYPE_H 1
#define HAVE_FCNTL_H 1
#define HAVE_FLOCK 1
#define HAVE_GETHOSTBYADDR 1
#define HAVE_GETHOSTNAME 1
#define HAVE_HTONL 1
#define HAVE_INET_ATON 1
#define HAVE_INTTYPES_H 1
#define HAVE_MALLOC_H 1
#define HAVE_MEMORY_H 1
#define HAVE_MEMORY_H 1
#define HAVE_MKSTEMP 1
#define HAVE_RES_SEARCH 1
#define HAVE_SOCKET 1
#define HAVE_STDINT_H 1
#define HAVE_STDINT_H 1
#define HAVE_STDLIB_H 1
#define HAVE_STDLIB_H 1
#define HAVE_STRINGS_H 1
#define HAVE_STRINGS_H 1
#define HAVE_STRING_H 1
#define HAVE_STRING_H 1
#define HAVE_SYS_FILE_H 1
#define HAVE_SYS_STAT_H 1
#define HAVE_SYS_TYPES_H 1
#define HAVE_SYS_TYPES_H 1
#define HAVE_UNISTD_H 1
#define HAVE_UNISTD_H 1
#define PACKAGE_BUGREPORT ""
#define PACKAGE_NAME ""
#define PACKAGE_STRING ""
#define PACKAGE_TARNAME ""
#define PACKAGE_VERSION ""
#define STDC_HEADERS 1

configure: exit 0
